2026-06-22 10:34:20.334 [background-preinit] INFO  o.h.validator.internal.util.Version [reqId=] [user=] - HV000001: Hibernate Validator 8.0.3.Final
2026-06-22 10:34:20.460 [main] INFO  c.a.l.LoggingMonitoringApplication [reqId=] [user=] - Starting LoggingMonitoringApplication using Java 20.0.2 with PID 3792 (C:\Users\manal\OneDrive\Desktop\employee mgmt system\Jeev_lifeworks_projects\Week4_SpringbootAdvance\logging-monitoring\target\classes started by manal in C:\Users\manal\OneDrive\Desktop\employee mgmt system\Jeev_lifeworks_projects\Week4_SpringbootAdvance\logging-monitoring)
2026-06-22 10:34:20.461 [main] DEBUG c.a.l.LoggingMonitoringApplication [reqId=] [user=] - Running with Spring Boot v3.5.15, Spring v6.2.19
2026-06-22 10:34:20.462 [main] INFO  c.a.l.LoggingMonitoringApplication [reqId=] [user=] - No active profile set, falling back to 1 default profile: "default"
2026-06-22 10:34:22.231 [main] INFO  o.s.d.r.c.RepositoryConfigurationDelegate [reqId=] [user=] - Bootstrapping Spring Data JPA repositories in DEFAULT mode.
2026-06-22 10:34:22.358 [main] INFO  o.s.d.r.c.RepositoryConfigurationDelegate [reqId=] [user=] - Finished Spring Data repository scanning in 97 ms. Found 1 JPA repository interface.
2026-06-22 10:34:23.525 [main] INFO  o.s.b.w.e.tomcat.TomcatWebServer [reqId=] [user=] - Tomcat initialized with port 8080 (http)
2026-06-22 10:34:23.551 [main] INFO  o.a.coyote.http11.Http11NioProtocol [reqId=] [user=] - Initializing ProtocolHandler ["http-nio-8080"]
2026-06-22 10:34:23.558 [main] INFO  o.a.catalina.core.StandardService [reqId=] [user=] - Starting service [Tomcat]
2026-06-22 10:34:23.561 [main] INFO  o.a.catalina.core.StandardEngine [reqId=] [user=] - Starting Servlet engine: [Apache Tomcat/10.1.55]
2026-06-22 10:34:23.654 [main] INFO  o.a.c.c.C.[Tomcat].[localhost].[/] [reqId=] [user=] - Initializing Spring embedded WebApplicationContext
2026-06-22 10:34:23.656 [main] INFO  o.s.b.w.s.c.ServletWebServerApplicationContext [reqId=] [user=] - Root WebApplicationContext: initialization completed in 3089 ms
2026-06-22 10:34:23.924 [main] INFO  o.h.jpa.internal.util.LogHelper [reqId=] [user=] - HHH000204: Processing PersistenceUnitInfo [name: default]
2026-06-22 10:34:24.049 [main] INFO  org.hibernate.Version [reqId=] [user=] - HHH000412: Hibernate ORM core version 6.6.53.Final
2026-06-22 10:34:24.115 [main] INFO  o.h.c.i.RegionFactoryInitiator [reqId=] [user=] - HHH000026: Second-level cache disabled
2026-06-22 10:34:24.591 [main] INFO  o.s.o.j.p.SpringPersistenceUnitInfo [reqId=] [user=] - No LoadTimeWeaver setup: ignoring JPA class transformer
2026-06-22 10:34:24.630 [main] INFO  com.zaxxer.hikari.HikariDataSource [reqId=] [user=] - HikariPool-1 - Starting...
2026-06-22 10:34:24.917 [main] INFO  com.zaxxer.hikari.pool.HikariPool [reqId=] [user=] - HikariPool-1 - Added connection conn0: url=jdbc:h2:mem:loggingdb user=SA
2026-06-22 10:34:24.919 [main] INFO  com.zaxxer.hikari.HikariDataSource [reqId=] [user=] - HikariPool-1 - Start completed.
2026-06-22 10:34:25.018 [main] INFO  o.hibernate.orm.connections.pooling [reqId=] [user=] - HHH10001005: Database info:
	Database JDBC URL [Connecting through datasource 'HikariDataSource (HikariPool-1)']
	Database driver: undefined/unknown
	Database version: 2.3.232
	Autocommit mode: undefined/unknown
	Isolation level: undefined/unknown
	Minimum pool size: undefined/unknown
	Maximum pool size: undefined/unknown
2026-06-22 10:34:26.127 [main] INFO  o.h.e.t.j.p.i.JtaPlatformInitiator [reqId=] [user=] - HHH000489: No JTA platform available (set 'hibernate.transaction.jta.platform' to enable JTA platform integration)
2026-06-22 10:34:26.183 [main] INFO  o.s.o.j.LocalContainerEntityManagerFactoryBean [reqId=] [user=] - Initialized JPA EntityManagerFactory for persistence unit 'default'
2026-06-22 10:34:26.948 [main] WARN  o.s.b.a.o.j.JpaBaseConfiguration$JpaWebConfiguration [reqId=] [user=] - spring.jpa.open-in-view is enabled by default. Therefore, database queries may be performed during view rendering. Explicitly configure spring.jpa.open-in-view to disable this warning
2026-06-22 10:34:27.469 [main] INFO  o.s.b.a.h.H2ConsoleAutoConfiguration [reqId=] [user=] - H2 console available at '/h2-console'. Database available at 'jdbc:h2:mem:loggingdb'
2026-06-22 10:34:27.597 [main] INFO  o.a.coyote.http11.Http11NioProtocol [reqId=] [user=] - Starting ProtocolHandler ["http-nio-8080"]
2026-06-22 10:34:27.644 [main] INFO  o.s.b.w.e.tomcat.TomcatWebServer [reqId=] [user=] - Tomcat started on port 8080 (http) with context path '/'
2026-06-22 10:34:27.654 [main] INFO  c.a.l.LoggingMonitoringApplication [reqId=] [user=] - Started LoggingMonitoringApplication in 8.537 seconds (process running for 9.572)
2026-06-22 10:39:41.319 [http-nio-8080-exec-1] INFO  o.a.c.c.C.[Tomcat].[localhost].[/] [reqId=] [user=] - Initializing Spring DispatcherServlet 'dispatcherServlet'
2026-06-22 10:39:41.325 [http-nio-8080-exec-1] INFO  c.a.l.filter.RequestLoggingFilter [reqId=40c0c085] [user=anonymous] - Incoming request: POST /api/products | IP: 0:0:0:0:0:0:0:1
2026-06-22 10:39:41.438 [http-nio-8080-exec-1] DEBUG c.a.l.controller.ProductController [reqId=40c0c085] [user=anonymous] - POST /api/products called with name=Laptop
2026-06-22 10:39:41.533 [http-nio-8080-exec-1] INFO  c.a.logging.service.ProductService [reqId=40c0c085] [user=anonymous] - Created new product: id=1, name=Laptop
2026-06-22 10:39:41.563 [http-nio-8080-exec-1] INFO  c.a.l.filter.RequestLoggingFilter [reqId=40c0c085] [user=anonymous] - Completed request: POST /api/products | Status: 201 | Duration: 238ms
2026-06-22 10:40:12.147 [http-nio-8080-exec-3] INFO  c.a.l.filter.RequestLoggingFilter [reqId=400a6467] [user=anonymous] - Incoming request: GET /api/products | IP: 0:0:0:0:0:0:0:1
2026-06-22 10:40:12.148 [http-nio-8080-exec-3] DEBUG c.a.l.controller.ProductController [reqId=400a6467] [user=anonymous] - GET /api/products called
2026-06-22 10:40:12.149 [http-nio-8080-exec-3] DEBUG c.a.logging.service.ProductService [reqId=400a6467] [user=anonymous] - Fetching all products from database
2026-06-22 10:40:12.254 [http-nio-8080-exec-3] DEBUG c.a.logging.service.ProductService [reqId=400a6467] [user=anonymous] - Found 1 products
2026-06-22 10:40:12.258 [http-nio-8080-exec-3] INFO  c.a.l.filter.RequestLoggingFilter [reqId=400a6467] [user=anonymous] - Completed request: GET /api/products | Status: 200 | Duration: 111ms
2026-06-22 10:40:28.040 [http-nio-8080-exec-4] INFO  c.a.l.filter.RequestLoggingFilter [reqId=d3e83b5f] [user=anonymous] - Incoming request: GET /api/products/999 | IP: 0:0:0:0:0:0:0:1
2026-06-22 10:40:28.044 [http-nio-8080-exec-4] DEBUG c.a.l.controller.ProductController [reqId=d3e83b5f] [user=anonymous] - GET /api/products/999 called
2026-06-22 10:40:28.044 [http-nio-8080-exec-4] DEBUG c.a.logging.service.ProductService [reqId=d3e83b5f] [user=anonymous] - Looking up product with id=999
2026-06-22 10:40:28.063 [http-nio-8080-exec-4] WARN  c.a.l.e.GlobalExceptionHandler [reqId=d3e83b5f] [user=anonymous] - Resource not found: Product not found with id: 999
2026-06-22 10:40:28.068 [http-nio-8080-exec-4] INFO  c.a.l.filter.RequestLoggingFilter [reqId=d3e83b5f] [user=anonymous] - Completed request: GET /api/products/999 | Status: 404 | Duration: 28ms
2026-06-22 10:40:51.697 [http-nio-8080-exec-5] INFO  c.a.l.filter.RequestLoggingFilter [reqId=fe81d4e5] [user=anonymous] - Incoming request: POST /api/products | IP: 0:0:0:0:0:0:0:1
2026-06-22 10:40:51.703 [http-nio-8080-exec-5] WARN  c.a.l.e.GlobalExceptionHandler [reqId=fe81d4e5] [user=anonymous] - Validation failed: {price=Price must be greater than zero, name=Product name is required, category=Category is required}
2026-06-22 10:40:51.707 [http-nio-8080-exec-5] INFO  c.a.l.filter.RequestLoggingFilter [reqId=fe81d4e5] [user=anonymous] - Completed request: POST /api/products | Status: 400 | Duration: 11ms
2026-06-22 11:02:58.282 [http-nio-8080-exec-2] INFO  c.a.l.filter.RequestLoggingFilter [reqId=b2666d53] [user=anonymous] - Incoming request: POST /api/products | IP: 0:0:0:0:0:0:0:1
2026-06-22 11:02:58.352 [http-nio-8080-exec-2] DEBUG c.a.l.controller.ProductController [reqId=b2666d53] [user=anonymous] - POST /api/products called with name=Laptop
2026-06-22 11:02:58.433 [http-nio-8080-exec-2] INFO  c.a.logging.service.ProductService [reqId=b2666d53] [user=anonymous] - Created new product: id=2, name=Laptop
2026-06-22 11:02:58.447 [http-nio-8080-exec-2] INFO  c.a.l.filter.RequestLoggingFilter [reqId=b2666d53] [user=anonymous] - Completed request: POST /api/products | Status: 201 | Duration: 167ms
2026-06-22 11:19:39.915 [HikariPool-1:housekeeper] WARN  com.zaxxer.hikari.pool.HikariPool [reqId=] [user=] - HikariPool-1 - Thread starvation or clock leap detected (housekeeper delta=2m14s136ms692µs600ns).
2026-06-22 11:53:43.822 [background-preinit] INFO  o.h.validator.internal.util.Version [reqId=] [user=] - HV000001: Hibernate Validator 8.0.3.Final
2026-06-22 11:53:43.931 [main] INFO  c.a.l.LoggingMonitoringApplication [reqId=] [user=] - Starting LoggingMonitoringApplication using Java 20.0.2 with PID 14372 (C:\Users\manal\OneDrive\Desktop\employee mgmt system\Jeev_lifeworks_projects\Week4_SpringbootAdvance\logging-monitoring\target\classes started by manal in C:\Users\manal\OneDrive\Desktop\employee mgmt system\Jeev_lifeworks_projects\Week4_SpringbootAdvance\logging-monitoring)
2026-06-22 11:53:43.932 [main] DEBUG c.a.l.LoggingMonitoringApplication [reqId=] [user=] - Running with Spring Boot v3.5.15, Spring v6.2.19
2026-06-22 11:53:43.934 [main] INFO  c.a.l.LoggingMonitoringApplication [reqId=] [user=] - No active profile set, falling back to 1 default profile: "default"
2026-06-22 11:53:44.945 [main] INFO  o.s.d.r.c.RepositoryConfigurationDelegate [reqId=] [user=] - Bootstrapping Spring Data JPA repositories in DEFAULT mode.
2026-06-22 11:53:45.028 [main] INFO  o.s.d.r.c.RepositoryConfigurationDelegate [reqId=] [user=] - Finished Spring Data repository scanning in 69 ms. Found 1 JPA repository interface.
2026-06-22 11:53:45.814 [main] INFO  o.s.b.w.e.tomcat.TomcatWebServer [reqId=] [user=] - Tomcat initialized with port 8080 (http)
2026-06-22 11:53:45.832 [main] INFO  o.a.coyote.http11.Http11NioProtocol [reqId=] [user=] - Initializing ProtocolHandler ["http-nio-8080"]
2026-06-22 11:53:45.837 [main] INFO  o.a.catalina.core.StandardService [reqId=] [user=] - Starting service [Tomcat]
2026-06-22 11:53:45.838 [main] INFO  o.a.catalina.core.StandardEngine [reqId=] [user=] - Starting Servlet engine: [Apache Tomcat/10.1.55]
2026-06-22 11:53:45.922 [main] INFO  o.a.c.c.C.[Tomcat].[localhost].[/] [reqId=] [user=] - Initializing Spring embedded WebApplicationContext
2026-06-22 11:53:45.923 [main] INFO  o.s.b.w.s.c.ServletWebServerApplicationContext [reqId=] [user=] - Root WebApplicationContext: initialization completed in 1899 ms
2026-06-22 11:53:46.152 [main] INFO  o.h.jpa.internal.util.LogHelper [reqId=] [user=] - HHH000204: Processing PersistenceUnitInfo [name: default]
2026-06-22 11:53:46.230 [main] INFO  org.hibernate.Version [reqId=] [user=] - HHH000412: Hibernate ORM core version 6.6.53.Final
2026-06-22 11:53:46.277 [main] INFO  o.h.c.i.RegionFactoryInitiator [reqId=] [user=] - HHH000026: Second-level cache disabled
2026-06-22 11:53:46.723 [main] INFO  o.s.o.j.p.SpringPersistenceUnitInfo [reqId=] [user=] - No LoadTimeWeaver setup: ignoring JPA class transformer
2026-06-22 11:53:46.764 [main] INFO  com.zaxxer.hikari.HikariDataSource [reqId=] [user=] - HikariPool-1 - Starting...
2026-06-22 11:53:47.333 [main] INFO  com.zaxxer.hikari.pool.HikariPool [reqId=] [user=] - HikariPool-1 - Added connection com.mysql.cj.jdbc.ConnectionImpl@76dc36e5
2026-06-22 11:53:47.335 [main] INFO  com.zaxxer.hikari.HikariDataSource [reqId=] [user=] - HikariPool-1 - Start completed.
2026-06-22 11:53:47.411 [main] WARN  org.hibernate.orm.deprecation [reqId=] [user=] - HHH90000025: MySQLDialect does not need to be specified explicitly using 'hibernate.dialect' (remove the property setting and it will be selected by default)
2026-06-22 11:53:47.435 [main] INFO  o.hibernate.orm.connections.pooling [reqId=] [user=] - HHH10001005: Database info:
	Database JDBC URL [Connecting through datasource 'HikariDataSource (HikariPool-1)']
	Database driver: undefined/unknown
	Database version: 8.0.34
	Autocommit mode: undefined/unknown
	Isolation level: undefined/unknown
	Minimum pool size: undefined/unknown
	Maximum pool size: undefined/unknown
2026-06-22 11:53:48.585 [main] INFO  o.h.e.t.j.p.i.JtaPlatformInitiator [reqId=] [user=] - HHH000489: No JTA platform available (set 'hibernate.transaction.jta.platform' to enable JTA platform integration)
2026-06-22 11:53:48.825 [main] INFO  o.s.o.j.LocalContainerEntityManagerFactoryBean [reqId=] [user=] - Initialized JPA EntityManagerFactory for persistence unit 'default'
2026-06-22 11:53:49.422 [main] WARN  o.s.b.a.o.j.JpaBaseConfiguration$JpaWebConfiguration [reqId=] [user=] - spring.jpa.open-in-view is enabled by default. Therefore, database queries may be performed during view rendering. Explicitly configure spring.jpa.open-in-view to disable this warning
2026-06-22 11:53:49.911 [main] INFO  o.a.coyote.http11.Http11NioProtocol [reqId=] [user=] - Starting ProtocolHandler ["http-nio-8080"]
2026-06-22 11:53:49.918 [main] WARN  o.s.b.w.s.c.AnnotationConfigServletWebServerApplicationContext [reqId=] [user=] - Exception encountered during context initialization - cancelling refresh attempt: org.springframework.context.ApplicationContextException: Failed to start bean 'webServerStartStop'
2026-06-22 11:53:49.920 [main] INFO  o.s.o.j.LocalContainerEntityManagerFactoryBean [reqId=] [user=] - Closing JPA EntityManagerFactory for persistence unit 'default'
2026-06-22 11:53:49.923 [main] INFO  com.zaxxer.hikari.HikariDataSource [reqId=] [user=] - HikariPool-1 - Shutdown initiated...
2026-06-22 11:53:49.931 [main] INFO  com.zaxxer.hikari.HikariDataSource [reqId=] [user=] - HikariPool-1 - Shutdown completed.
2026-06-22 11:53:49.952 [main] INFO  o.s.b.a.l.ConditionEvaluationReportLogger [reqId=] [user=] - 

Error starting ApplicationContext. To display the condition evaluation report re-run your application with 'debug' enabled.
2026-06-22 11:53:49.975 [main] ERROR o.s.b.d.LoggingFailureAnalysisReporter [reqId=] [user=] - 

***************************
APPLICATION FAILED TO START
***************************

Description:

Web server failed to start. Port 8080 was already in use.

Action:

Identify and stop the process that's listening on port 8080 or configure this application to listen on another port.

2026-06-22 11:56:38.623 [background-preinit] INFO  o.h.validator.internal.util.Version [reqId=] [user=] - HV000001: Hibernate Validator 8.0.3.Final
2026-06-22 11:56:38.738 [main] INFO  c.a.l.LoggingMonitoringApplication [reqId=] [user=] - Starting LoggingMonitoringApplication using Java 20.0.2 with PID 3792 (C:\Users\manal\OneDrive\Desktop\employee mgmt system\Jeev_lifeworks_projects\Week4_SpringbootAdvance\logging-monitoring\target\classes started by manal in C:\Users\manal\OneDrive\Desktop\employee mgmt system\Jeev_lifeworks_projects\Week4_SpringbootAdvance\logging-monitoring)
2026-06-22 11:56:38.739 [main] DEBUG c.a.l.LoggingMonitoringApplication [reqId=] [user=] - Running with Spring Boot v3.5.15, Spring v6.2.19
2026-06-22 11:56:38.741 [main] INFO  c.a.l.LoggingMonitoringApplication [reqId=] [user=] - No active profile set, falling back to 1 default profile: "default"
2026-06-22 11:56:39.897 [main] INFO  o.s.d.r.c.RepositoryConfigurationDelegate [reqId=] [user=] - Bootstrapping Spring Data JPA repositories in DEFAULT mode.
2026-06-22 11:56:39.991 [main] INFO  o.s.d.r.c.RepositoryConfigurationDelegate [reqId=] [user=] - Finished Spring Data repository scanning in 77 ms. Found 1 JPA repository interface.
2026-06-22 11:56:40.958 [main] INFO  o.s.b.w.e.tomcat.TomcatWebServer [reqId=] [user=] - Tomcat initialized with port 8080 (http)
2026-06-22 11:56:40.978 [main] INFO  o.a.coyote.http11.Http11NioProtocol [reqId=] [user=] - Initializing ProtocolHandler ["http-nio-8080"]
2026-06-22 11:56:40.983 [main] INFO  o.a.catalina.core.StandardService [reqId=] [user=] - Starting service [Tomcat]
2026-06-22 11:56:40.984 [main] INFO  o.a.catalina.core.StandardEngine [reqId=] [user=] - Starting Servlet engine: [Apache Tomcat/10.1.55]
2026-06-22 11:56:41.068 [main] INFO  o.a.c.c.C.[Tomcat].[localhost].[/] [reqId=] [user=] - Initializing Spring embedded WebApplicationContext
2026-06-22 11:56:41.069 [main] INFO  o.s.b.w.s.c.ServletWebServerApplicationContext [reqId=] [user=] - Root WebApplicationContext: initialization completed in 2224 ms
2026-06-22 11:56:41.336 [main] INFO  o.h.jpa.internal.util.LogHelper [reqId=] [user=] - HHH000204: Processing PersistenceUnitInfo [name: default]
2026-06-22 11:56:41.409 [main] INFO  org.hibernate.Version [reqId=] [user=] - HHH000412: Hibernate ORM core version 6.6.53.Final
2026-06-22 11:56:41.456 [main] INFO  o.h.c.i.RegionFactoryInitiator [reqId=] [user=] - HHH000026: Second-level cache disabled
2026-06-22 11:56:41.881 [main] INFO  o.s.o.j.p.SpringPersistenceUnitInfo [reqId=] [user=] - No LoadTimeWeaver setup: ignoring JPA class transformer
2026-06-22 11:56:41.936 [main] INFO  com.zaxxer.hikari.HikariDataSource [reqId=] [user=] - HikariPool-1 - Starting...
2026-06-22 11:56:42.421 [main] INFO  com.zaxxer.hikari.pool.HikariPool [reqId=] [user=] - HikariPool-1 - Added connection com.mysql.cj.jdbc.ConnectionImpl@51508029
2026-06-22 11:56:42.424 [main] INFO  com.zaxxer.hikari.HikariDataSource [reqId=] [user=] - HikariPool-1 - Start completed.
2026-06-22 11:56:42.510 [main] WARN  org.hibernate.orm.deprecation [reqId=] [user=] - HHH90000025: MySQLDialect does not need to be specified explicitly using 'hibernate.dialect' (remove the property setting and it will be selected by default)
2026-06-22 11:56:42.538 [main] INFO  o.hibernate.orm.connections.pooling [reqId=] [user=] - HHH10001005: Database info:
	Database JDBC URL [Connecting through datasource 'HikariDataSource (HikariPool-1)']
	Database driver: undefined/unknown
	Database version: 8.0.34
	Autocommit mode: undefined/unknown
	Isolation level: undefined/unknown
	Minimum pool size: undefined/unknown
	Maximum pool size: undefined/unknown
2026-06-22 11:56:43.715 [main] INFO  o.h.e.t.j.p.i.JtaPlatformInitiator [reqId=] [user=] - HHH000489: No JTA platform available (set 'hibernate.transaction.jta.platform' to enable JTA platform integration)
2026-06-22 11:56:43.797 [main] INFO  o.s.o.j.LocalContainerEntityManagerFactoryBean [reqId=] [user=] - Initialized JPA EntityManagerFactory for persistence unit 'default'
2026-06-22 11:56:44.427 [main] WARN  o.s.b.a.o.j.JpaBaseConfiguration$JpaWebConfiguration [reqId=] [user=] - spring.jpa.open-in-view is enabled by default. Therefore, database queries may be performed during view rendering. Explicitly configure spring.jpa.open-in-view to disable this warning
2026-06-22 11:56:44.968 [main] INFO  o.a.coyote.http11.Http11NioProtocol [reqId=] [user=] - Starting ProtocolHandler ["http-nio-8080"]
2026-06-22 11:56:44.998 [main] INFO  o.s.b.w.e.tomcat.TomcatWebServer [reqId=] [user=] - Tomcat started on port 8080 (http) with context path '/'
2026-06-22 11:56:45.008 [main] INFO  c.a.l.LoggingMonitoringApplication [reqId=] [user=] - Started LoggingMonitoringApplication in 7.344 seconds (process running for 8.013)
2026-06-22 11:57:28.231 [http-nio-8080-exec-1] INFO  o.a.c.c.C.[Tomcat].[localhost].[/] [reqId=] [user=] - Initializing Spring DispatcherServlet 'dispatcherServlet'
2026-06-22 11:57:28.236 [http-nio-8080-exec-1] INFO  c.a.l.filter.RequestLoggingFilter [reqId=844cc025] [user=anonymous] - Incoming request: POST /api/products | IP: 0:0:0:0:0:0:0:1
2026-06-22 11:57:28.341 [http-nio-8080-exec-1] DEBUG c.a.l.controller.ProductController [reqId=844cc025] [user=anonymous] - POST /api/products called with name=Laptop
2026-06-22 11:57:28.436 [http-nio-8080-exec-1] INFO  c.a.logging.service.ProductService [reqId=844cc025] [user=anonymous] - Created new product: id=1, name=Laptop
2026-06-22 11:57:28.462 [http-nio-8080-exec-1] INFO  c.a.l.filter.RequestLoggingFilter [reqId=844cc025] [user=anonymous] - Completed request: POST /api/products | Status: 201 | Duration: 227ms
2026-06-22 11:57:45.297 [http-nio-8080-exec-4] INFO  c.a.l.filter.RequestLoggingFilter [reqId=f072e849] [user=anonymous] - Incoming request: GET /api/products | IP: 0:0:0:0:0:0:0:1
2026-06-22 11:57:45.298 [http-nio-8080-exec-4] DEBUG c.a.l.controller.ProductController [reqId=f072e849] [user=anonymous] - GET /api/products called
2026-06-22 11:57:45.299 [http-nio-8080-exec-4] DEBUG c.a.logging.service.ProductService [reqId=f072e849] [user=anonymous] - Fetching all products from database
2026-06-22 11:57:45.392 [http-nio-8080-exec-4] DEBUG c.a.logging.service.ProductService [reqId=f072e849] [user=anonymous] - Found 1 products
2026-06-22 11:57:45.395 [http-nio-8080-exec-4] INFO  c.a.l.filter.RequestLoggingFilter [reqId=f072e849] [user=anonymous] - Completed request: GET /api/products | Status: 200 | Duration: 98ms
2026-06-22 11:57:53.721 [http-nio-8080-exec-6] INFO  c.a.l.filter.RequestLoggingFilter [reqId=a9766046] [user=anonymous] - Incoming request: GET /api/products/999 | IP: 0:0:0:0:0:0:0:1
2026-06-22 11:57:53.723 [http-nio-8080-exec-6] DEBUG c.a.l.controller.ProductController [reqId=a9766046] [user=anonymous] - GET /api/products/999 called
2026-06-22 11:57:53.723 [http-nio-8080-exec-6] DEBUG c.a.logging.service.ProductService [reqId=a9766046] [user=anonymous] - Looking up product with id=999
2026-06-22 11:57:53.739 [http-nio-8080-exec-6] WARN  c.a.l.e.GlobalExceptionHandler [reqId=a9766046] [user=anonymous] - Resource not found: Product not found with id: 999
2026-06-22 11:57:53.743 [http-nio-8080-exec-6] INFO  c.a.l.filter.RequestLoggingFilter [reqId=a9766046] [user=anonymous] - Completed request: GET /api/products/999 | Status: 404 | Duration: 23ms
2026-06-22 11:58:02.549 [http-nio-8080-exec-2] INFO  c.a.l.filter.RequestLoggingFilter [reqId=e9c01f97] [user=anonymous] - Incoming request: POST /api/products | IP: 0:0:0:0:0:0:0:1
2026-06-22 11:58:02.554 [http-nio-8080-exec-2] WARN  c.a.l.e.GlobalExceptionHandler [reqId=e9c01f97] [user=anonymous] - Validation failed: {price=Price must be greater than zero, name=Product name is required, category=Category is required}
2026-06-22 11:58:02.556 [http-nio-8080-exec-2] INFO  c.a.l.filter.RequestLoggingFilter [reqId=e9c01f97] [user=anonymous] - Completed request: POST /api/products | Status: 400 | Duration: 7ms
2026-06-22 12:16:47.618 [http-nio-8080-exec-5] INFO  c.a.l.filter.RequestLoggingFilter [reqId=e5ec3290] [user=anonymous] - Incoming request: GET /api/products | IP: 0:0:0:0:0:0:0:1
2026-06-22 12:16:47.772 [http-nio-8080-exec-5] DEBUG c.a.l.controller.ProductController [reqId=e5ec3290] [user=anonymous] - GET /api/products called
2026-06-22 12:16:47.797 [http-nio-8080-exec-5] DEBUG c.a.logging.service.ProductService [reqId=e5ec3290] [user=anonymous] - Fetching all products from database
2026-06-22 12:16:48.144 [http-nio-8080-exec-5] DEBUG c.a.logging.service.ProductService [reqId=e5ec3290] [user=anonymous] - Found 1 products
2026-06-22 12:16:48.229 [http-nio-8080-exec-5] INFO  c.a.l.filter.RequestLoggingFilter [reqId=e5ec3290] [user=anonymous] - Completed request: GET /api/products | Status: 200 | Duration: 616ms
2026-06-22 12:18:14.043 [http-nio-8080-exec-7] INFO  c.a.l.filter.RequestLoggingFilter [reqId=bb2986ef] [user=anonymous] - Incoming request: GET /api/products/id | IP: 0:0:0:0:0:0:0:1
2026-06-22 12:18:14.144 [http-nio-8080-exec-7] ERROR c.a.l.e.GlobalExceptionHandler [reqId=bb2986ef] [user=anonymous] - Unexpected error occurred
org.springframework.web.method.annotation.MethodArgumentTypeMismatchException: Method parameter 'id': Failed to convert value of type 'java.lang.String' to required type 'java.lang.Long'; For input string: "id"
	at org.springframework.web.method.annotation.AbstractNamedValueMethodArgumentResolver.convertIfNecessary(AbstractNamedValueMethodArgumentResolver.java:301)
	at org.springframework.web.method.annotation.AbstractNamedValueMethodArgumentResolver.resolveArgument(AbstractNamedValueMethodArgumentResolver.java:136)
	at org.springframework.web.method.support.HandlerMethodArgumentResolverComposite.resolveArgument(HandlerMethodArgumentResolverComposite.java:122)
	at org.springframework.web.method.support.InvocableHandlerMethod.getMethodArgumentValues(InvocableHandlerMethod.java:227)
	at org.springframework.web.method.support.InvocableHandlerMethod.invokeForRequest(InvocableHandlerMethod.java:181)
	at org.springframework.web.servlet.mvc.method.annotation.ServletInvocableHandlerMethod.invokeAndHandle(ServletInvocableHandlerMethod.java:118)
	at org.springframework.web.servlet.mvc.method.annotation.RequestMappingHandlerAdapter.invokeHandlerMethod(RequestMappingHandlerAdapter.java:991)
	at org.springframework.web.servlet.mvc.method.annotation.RequestMappingHandlerAdapter.handleInternal(RequestMappingHandlerAdapter.java:896)
	at org.springframework.web.servlet.mvc.method.AbstractHandlerMethodAdapter.handle(AbstractHandlerMethodAdapter.java:87)
	at org.springframework.web.servlet.DispatcherServlet.doDispatch(DispatcherServlet.java:1089)
	at org.springframework.web.servlet.DispatcherServlet.doService(DispatcherServlet.java:979)
	at org.springframework.web.servlet.FrameworkServlet.processRequest(FrameworkServlet.java:1014)
	at org.springframework.web.servlet.FrameworkServlet.doGet(FrameworkServlet.java:903)
	at jakarta.servlet.http.HttpServlet.service(HttpServlet.java:564)
	at org.springframework.web.servlet.FrameworkServlet.service(FrameworkServlet.java:885)
	at jakarta.servlet.http.HttpServlet.service(HttpServlet.java:658)
	at org.apache.catalina.core.ApplicationFilterChain.internalDoFilter(ApplicationFilterChain.java:193)
	at org.apache.catalina.core.ApplicationFilterChain.doFilter(ApplicationFilterChain.java:138)
	at org.apache.tomcat.websocket.server.WsFilter.doFilter(WsFilter.java:51)
	at org.apache.catalina.core.ApplicationFilterChain.internalDoFilter(ApplicationFilterChain.java:162)
	at org.apache.catalina.core.ApplicationFilterChain.doFilter(ApplicationFilterChain.java:138)
	at com.assignment.logging.filter.RequestLoggingFilter.doFilter(RequestLoggingFilter.java:43)
	at org.apache.catalina.core.ApplicationFilterChain.internalDoFilter(ApplicationFilterChain.java:162)
	at org.apache.catalina.core.ApplicationFilterChain.doFilter(ApplicationFilterChain.java:138)
	at org.springframework.web.filter.RequestContextFilter.doFilterInternal(RequestContextFilter.java:100)
	at org.springframework.web.filter.OncePerRequestFilter.doFilter(OncePerRequestFilter.java:116)
	at org.apache.catalina.core.ApplicationFilterChain.internalDoFilter(ApplicationFilterChain.java:162)
	at org.apache.catalina.core.ApplicationFilterChain.doFilter(ApplicationFilterChain.java:138)
	at org.springframework.web.filter.FormContentFilter.doFilterInternal(FormContentFilter.java:93)
	at org.springframework.web.filter.OncePerRequestFilter.doFilter(OncePerRequestFilter.java:116)
	at org.apache.catalina.core.ApplicationFilterChain.internalDoFilter(ApplicationFilterChain.java:162)
	at org.apache.catalina.core.ApplicationFilterChain.doFilter(ApplicationFilterChain.java:138)
	at org.springframework.web.filter.CharacterEncodingFilter.doFilterInternal(CharacterEncodingFilter.java:201)
	at org.springframework.web.filter.OncePerRequestFilter.doFilter(OncePerRequestFilter.java:116)
	at org.apache.catalina.core.ApplicationFilterChain.internalDoFilter(ApplicationFilterChain.java:162)
	at org.apache.catalina.core.ApplicationFilterChain.doFilter(ApplicationFilterChain.java:138)
	at org.apache.catalina.core.StandardWrapperValve.invoke(StandardWrapperValve.java:165)
	at org.apache.catalina.core.StandardContextValve.invoke(StandardContextValve.java:88)
	at org.apache.catalina.authenticator.AuthenticatorBase.invoke(AuthenticatorBase.java:492)
	at org.apache.catalina.core.StandardHostValve.invoke(StandardHostValve.java:113)
	at org.apache.catalina.valves.ErrorReportValve.invoke(ErrorReportValve.java:83)
	at org.apache.catalina.core.StandardEngineValve.invoke(StandardEngineValve.java:72)
	at org.apache.catalina.connector.CoyoteAdapter.service(CoyoteAdapter.java:342)
	at org.apache.coyote.http11.Http11Processor.service(Http11Processor.java:399)
	at org.apache.coyote.AbstractProcessorLight.process(AbstractProcessorLight.java:63)
	at org.apache.coyote.AbstractProtocol$ConnectionHandler.process(AbstractProtocol.java:1272)
	at org.apache.tomcat.util.net.NioEndpoint$SocketProcessor.doRun(NioEndpoint.java:1797)
	at org.apache.tomcat.util.net.SocketProcessorBase.run(SocketProcessorBase.java:52)
	at org.apache.tomcat.util.threads.ThreadPoolExecutor.runWorker(ThreadPoolExecutor.java:973)
	at org.apache.tomcat.util.threads.ThreadPoolExecutor$Worker.run(ThreadPoolExecutor.java:491)
	at org.apache.tomcat.util.threads.TaskThread$WrappingRunnable.run(TaskThread.java:63)
	at java.base/java.lang.Thread.run(Thread.java:1623)
Caused by: java.lang.NumberFormatException: For input string: "id"
	at java.base/java.lang.NumberFormatException.forInputString(NumberFormatException.java:67)
	at java.base/java.lang.Long.parseLong(Long.java:708)
	at java.base/java.lang.Long.valueOf(Long.java:1156)
	at org.springframework.util.NumberUtils.parseNumber(NumberUtils.java:204)
	at org.springframework.beans.propertyeditors.CustomNumberEditor.setAsText(CustomNumberEditor.java:115)
	at org.springframework.beans.TypeConverterDelegate.doConvertTextValue(TypeConverterDelegate.java:439)
	at org.springframework.beans.TypeConverterDelegate.doConvertValue(TypeConverterDelegate.java:412)
	at org.springframework.beans.TypeConverterDelegate.convertIfNecessary(TypeConverterDelegate.java:161)
	at org.springframework.beans.TypeConverterSupport.convertIfNecessary(TypeConverterSupport.java:80)
	at org.springframework.beans.TypeConverterSupport.convertIfNecessary(TypeConverterSupport.java:53)
	at org.springframework.validation.DataBinder.convertIfNecessary(DataBinder.java:868)
	at org.springframework.web.method.annotation.AbstractNamedValueMethodArgumentResolver.convertIfNecessary(AbstractNamedValueMethodArgumentResolver.java:293)
	... 51 common frames omitted
2026-06-22 12:18:14.270 [http-nio-8080-exec-7] INFO  c.a.l.filter.RequestLoggingFilter [reqId=bb2986ef] [user=anonymous] - Completed request: GET /api/products/id | Status: 500 | Duration: 227ms
2026-06-22 12:20:45.359 [http-nio-8080-exec-1] INFO  c.a.l.filter.RequestLoggingFilter [reqId=e28de789] [user=anonymous] - Incoming request: GET /api/products/1 | IP: 0:0:0:0:0:0:0:1
2026-06-22 12:20:45.361 [http-nio-8080-exec-1] DEBUG c.a.l.controller.ProductController [reqId=e28de789] [user=anonymous] - GET /api/products/1 called
2026-06-22 12:20:45.361 [http-nio-8080-exec-1] DEBUG c.a.logging.service.ProductService [reqId=e28de789] [user=anonymous] - Looking up product with id=1
2026-06-22 12:20:45.388 [http-nio-8080-exec-1] INFO  c.a.l.filter.RequestLoggingFilter [reqId=e28de789] [user=anonymous] - Completed request: GET /api/products/1 | Status: 200 | Duration: 29ms
2026-06-22 12:22:19.020 [http-nio-8080-exec-2] INFO  c.a.l.filter.RequestLoggingFilter [reqId=03e80f3d] [user=anonymous] - Incoming request: GET /api/products/Electronics | IP: 0:0:0:0:0:0:0:1
2026-06-22 12:22:19.033 [http-nio-8080-exec-2] ERROR c.a.l.e.GlobalExceptionHandler [reqId=03e80f3d] [user=anonymous] - Unexpected error occurred
org.springframework.web.method.annotation.MethodArgumentTypeMismatchException: Method parameter 'id': Failed to convert value of type 'java.lang.String' to required type 'java.lang.Long'; For input string: "Electronics"
	at org.springframework.web.method.annotation.AbstractNamedValueMethodArgumentResolver.convertIfNecessary(AbstractNamedValueMethodArgumentResolver.java:301)
	at org.springframework.web.method.annotation.AbstractNamedValueMethodArgumentResolver.resolveArgument(AbstractNamedValueMethodArgumentResolver.java:136)
	at org.springframework.web.method.support.HandlerMethodArgumentResolverComposite.resolveArgument(HandlerMethodArgumentResolverComposite.java:122)
	at org.springframework.web.method.support.InvocableHandlerMethod.getMethodArgumentValues(InvocableHandlerMethod.java:227)
	at org.springframework.web.method.support.InvocableHandlerMethod.invokeForRequest(InvocableHandlerMethod.java:181)
	at org.springframework.web.servlet.mvc.method.annotation.ServletInvocableHandlerMethod.invokeAndHandle(ServletInvocableHandlerMethod.java:118)
	at org.springframework.web.servlet.mvc.method.annotation.RequestMappingHandlerAdapter.invokeHandlerMethod(RequestMappingHandlerAdapter.java:991)
	at org.springframework.web.servlet.mvc.method.annotation.RequestMappingHandlerAdapter.handleInternal(RequestMappingHandlerAdapter.java:896)
	at org.springframework.web.servlet.mvc.method.AbstractHandlerMethodAdapter.handle(AbstractHandlerMethodAdapter.java:87)
	at org.springframework.web.servlet.DispatcherServlet.doDispatch(DispatcherServlet.java:1089)
	at org.springframework.web.servlet.DispatcherServlet.doService(DispatcherServlet.java:979)
	at org.springframework.web.servlet.FrameworkServlet.processRequest(FrameworkServlet.java:1014)
	at org.springframework.web.servlet.FrameworkServlet.doGet(FrameworkServlet.java:903)
	at jakarta.servlet.http.HttpServlet.service(HttpServlet.java:564)
	at org.springframework.web.servlet.FrameworkServlet.service(FrameworkServlet.java:885)
	at jakarta.servlet.http.HttpServlet.service(HttpServlet.java:658)
	at org.apache.catalina.core.ApplicationFilterChain.internalDoFilter(ApplicationFilterChain.java:193)
	at org.apache.catalina.core.ApplicationFilterChain.doFilter(ApplicationFilterChain.java:138)
	at org.apache.tomcat.websocket.server.WsFilter.doFilter(WsFilter.java:51)
	at org.apache.catalina.core.ApplicationFilterChain.internalDoFilter(ApplicationFilterChain.java:162)
	at org.apache.catalina.core.ApplicationFilterChain.doFilter(ApplicationFilterChain.java:138)
	at com.assignment.logging.filter.RequestLoggingFilter.doFilter(RequestLoggingFilter.java:43)
	at org.apache.catalina.core.ApplicationFilterChain.internalDoFilter(ApplicationFilterChain.java:162)
	at org.apache.catalina.core.ApplicationFilterChain.doFilter(ApplicationFilterChain.java:138)
	at org.springframework.web.filter.RequestContextFilter.doFilterInternal(RequestContextFilter.java:100)
	at org.springframework.web.filter.OncePerRequestFilter.doFilter(OncePerRequestFilter.java:116)
	at org.apache.catalina.core.ApplicationFilterChain.internalDoFilter(ApplicationFilterChain.java:162)
	at org.apache.catalina.core.ApplicationFilterChain.doFilter(ApplicationFilterChain.java:138)
	at org.springframework.web.filter.FormContentFilter.doFilterInternal(FormContentFilter.java:93)
	at org.springframework.web.filter.OncePerRequestFilter.doFilter(OncePerRequestFilter.java:116)
	at org.apache.catalina.core.ApplicationFilterChain.internalDoFilter(ApplicationFilterChain.java:162)
	at org.apache.catalina.core.ApplicationFilterChain.doFilter(ApplicationFilterChain.java:138)
	at org.springframework.web.filter.CharacterEncodingFilter.doFilterInternal(CharacterEncodingFilter.java:201)
	at org.springframework.web.filter.OncePerRequestFilter.doFilter(OncePerRequestFilter.java:116)
	at org.apache.catalina.core.ApplicationFilterChain.internalDoFilter(ApplicationFilterChain.java:162)
	at org.apache.catalina.core.ApplicationFilterChain.doFilter(ApplicationFilterChain.java:138)
	at org.apache.catalina.core.StandardWrapperValve.invoke(StandardWrapperValve.java:165)
	at org.apache.catalina.core.StandardContextValve.invoke(StandardContextValve.java:88)
	at org.apache.catalina.authenticator.AuthenticatorBase.invoke(AuthenticatorBase.java:492)
	at org.apache.catalina.core.StandardHostValve.invoke(StandardHostValve.java:113)
	at org.apache.catalina.valves.ErrorReportValve.invoke(ErrorReportValve.java:83)
	at org.apache.catalina.core.StandardEngineValve.invoke(StandardEngineValve.java:72)
	at org.apache.catalina.connector.CoyoteAdapter.service(CoyoteAdapter.java:342)
	at org.apache.coyote.http11.Http11Processor.service(Http11Processor.java:399)
	at org.apache.coyote.AbstractProcessorLight.process(AbstractProcessorLight.java:63)
	at org.apache.coyote.AbstractProtocol$ConnectionHandler.process(AbstractProtocol.java:1272)
	at org.apache.tomcat.util.net.NioEndpoint$SocketProcessor.doRun(NioEndpoint.java:1797)
	at org.apache.tomcat.util.net.SocketProcessorBase.run(SocketProcessorBase.java:52)
	at org.apache.tomcat.util.threads.ThreadPoolExecutor.runWorker(ThreadPoolExecutor.java:973)
	at org.apache.tomcat.util.threads.ThreadPoolExecutor$Worker.run(ThreadPoolExecutor.java:491)
	at org.apache.tomcat.util.threads.TaskThread$WrappingRunnable.run(TaskThread.java:63)
	at java.base/java.lang.Thread.run(Thread.java:1623)
Caused by: java.lang.NumberFormatException: For input string: "Electronics"
	at java.base/java.lang.NumberFormatException.forInputString(NumberFormatException.java:67)
	at java.base/java.lang.Long.parseLong(Long.java:708)
	at java.base/java.lang.Long.valueOf(Long.java:1156)
	at org.springframework.util.NumberUtils.parseNumber(NumberUtils.java:204)
	at org.springframework.beans.propertyeditors.CustomNumberEditor.setAsText(CustomNumberEditor.java:115)
	at org.springframework.beans.TypeConverterDelegate.doConvertTextValue(TypeConverterDelegate.java:439)
	at org.springframework.beans.TypeConverterDelegate.doConvertValue(TypeConverterDelegate.java:412)
	at org.springframework.beans.TypeConverterDelegate.convertIfNecessary(TypeConverterDelegate.java:161)
	at org.springframework.beans.TypeConverterSupport.convertIfNecessary(TypeConverterSupport.java:80)
	at org.springframework.beans.TypeConverterSupport.convertIfNecessary(TypeConverterSupport.java:53)
	at org.springframework.validation.DataBinder.convertIfNecessary(DataBinder.java:868)
	at org.springframework.web.method.annotation.AbstractNamedValueMethodArgumentResolver.convertIfNecessary(AbstractNamedValueMethodArgumentResolver.java:293)
	... 51 common frames omitted
2026-06-22 12:22:19.039 [http-nio-8080-exec-2] INFO  c.a.l.filter.RequestLoggingFilter [reqId=03e80f3d] [user=anonymous] - Completed request: GET /api/products/Electronics | Status: 500 | Duration: 19ms
2026-06-22 12:25:32.431 [http-nio-8080-exec-5] INFO  c.a.l.filter.RequestLoggingFilter [reqId=adc9941c] [user=anonymous] - Incoming request: GET /api/products/Electronics | IP: 0:0:0:0:0:0:0:1
2026-06-22 12:25:32.434 [http-nio-8080-exec-5] ERROR c.a.l.e.GlobalExceptionHandler [reqId=adc9941c] [user=anonymous] - Unexpected error occurred
org.springframework.web.method.annotation.MethodArgumentTypeMismatchException: Method parameter 'id': Failed to convert value of type 'java.lang.String' to required type 'java.lang.Long'; For input string: "Electronics"
	at org.springframework.web.method.annotation.AbstractNamedValueMethodArgumentResolver.convertIfNecessary(AbstractNamedValueMethodArgumentResolver.java:301)
	at org.springframework.web.method.annotation.AbstractNamedValueMethodArgumentResolver.resolveArgument(AbstractNamedValueMethodArgumentResolver.java:136)
	at org.springframework.web.method.support.HandlerMethodArgumentResolverComposite.resolveArgument(HandlerMethodArgumentResolverComposite.java:122)
	at org.springframework.web.method.support.InvocableHandlerMethod.getMethodArgumentValues(InvocableHandlerMethod.java:227)
	at org.springframework.web.method.support.InvocableHandlerMethod.invokeForRequest(InvocableHandlerMethod.java:181)
	at org.springframework.web.servlet.mvc.method.annotation.ServletInvocableHandlerMethod.invokeAndHandle(ServletInvocableHandlerMethod.java:118)
	at org.springframework.web.servlet.mvc.method.annotation.RequestMappingHandlerAdapter.invokeHandlerMethod(RequestMappingHandlerAdapter.java:991)
	at org.springframework.web.servlet.mvc.method.annotation.RequestMappingHandlerAdapter.handleInternal(RequestMappingHandlerAdapter.java:896)
	at org.springframework.web.servlet.mvc.method.AbstractHandlerMethodAdapter.handle(AbstractHandlerMethodAdapter.java:87)
	at org.springframework.web.servlet.DispatcherServlet.doDispatch(DispatcherServlet.java:1089)
	at org.springframework.web.servlet.DispatcherServlet.doService(DispatcherServlet.java:979)
	at org.springframework.web.servlet.FrameworkServlet.processRequest(FrameworkServlet.java:1014)
	at org.springframework.web.servlet.FrameworkServlet.doGet(FrameworkServlet.java:903)
	at jakarta.servlet.http.HttpServlet.service(HttpServlet.java:564)
	at org.springframework.web.servlet.FrameworkServlet.service(FrameworkServlet.java:885)
	at jakarta.servlet.http.HttpServlet.service(HttpServlet.java:658)
	at org.apache.catalina.core.ApplicationFilterChain.internalDoFilter(ApplicationFilterChain.java:193)
	at org.apache.catalina.core.ApplicationFilterChain.doFilter(ApplicationFilterChain.java:138)
	at org.apache.tomcat.websocket.server.WsFilter.doFilter(WsFilter.java:51)
	at org.apache.catalina.core.ApplicationFilterChain.internalDoFilter(ApplicationFilterChain.java:162)
	at org.apache.catalina.core.ApplicationFilterChain.doFilter(ApplicationFilterChain.java:138)
	at com.assignment.logging.filter.RequestLoggingFilter.doFilter(RequestLoggingFilter.java:43)
	at org.apache.catalina.core.ApplicationFilterChain.internalDoFilter(ApplicationFilterChain.java:162)
	at org.apache.catalina.core.ApplicationFilterChain.doFilter(ApplicationFilterChain.java:138)
	at org.springframework.web.filter.RequestContextFilter.doFilterInternal(RequestContextFilter.java:100)
	at org.springframework.web.filter.OncePerRequestFilter.doFilter(OncePerRequestFilter.java:116)
	at org.apache.catalina.core.ApplicationFilterChain.internalDoFilter(ApplicationFilterChain.java:162)
	at org.apache.catalina.core.ApplicationFilterChain.doFilter(ApplicationFilterChain.java:138)
	at org.springframework.web.filter.FormContentFilter.doFilterInternal(FormContentFilter.java:93)
	at org.springframework.web.filter.OncePerRequestFilter.doFilter(OncePerRequestFilter.java:116)
	at org.apache.catalina.core.ApplicationFilterChain.internalDoFilter(ApplicationFilterChain.java:162)
	at org.apache.catalina.core.ApplicationFilterChain.doFilter(ApplicationFilterChain.java:138)
	at org.springframework.web.filter.CharacterEncodingFilter.doFilterInternal(CharacterEncodingFilter.java:201)
	at org.springframework.web.filter.OncePerRequestFilter.doFilter(OncePerRequestFilter.java:116)
	at org.apache.catalina.core.ApplicationFilterChain.internalDoFilter(ApplicationFilterChain.java:162)
	at org.apache.catalina.core.ApplicationFilterChain.doFilter(ApplicationFilterChain.java:138)
	at org.apache.catalina.core.StandardWrapperValve.invoke(StandardWrapperValve.java:165)
	at org.apache.catalina.core.StandardContextValve.invoke(StandardContextValve.java:88)
	at org.apache.catalina.authenticator.AuthenticatorBase.invoke(AuthenticatorBase.java:492)
	at org.apache.catalina.core.StandardHostValve.invoke(StandardHostValve.java:113)
	at org.apache.catalina.valves.ErrorReportValve.invoke(ErrorReportValve.java:83)
	at org.apache.catalina.core.StandardEngineValve.invoke(StandardEngineValve.java:72)
	at org.apache.catalina.connector.CoyoteAdapter.service(CoyoteAdapter.java:342)
	at org.apache.coyote.http11.Http11Processor.service(Http11Processor.java:399)
	at org.apache.coyote.AbstractProcessorLight.process(AbstractProcessorLight.java:63)
	at org.apache.coyote.AbstractProtocol$ConnectionHandler.process(AbstractProtocol.java:1272)
	at org.apache.tomcat.util.net.NioEndpoint$SocketProcessor.doRun(NioEndpoint.java:1797)
	at org.apache.tomcat.util.net.SocketProcessorBase.run(SocketProcessorBase.java:52)
	at org.apache.tomcat.util.threads.ThreadPoolExecutor.runWorker(ThreadPoolExecutor.java:973)
	at org.apache.tomcat.util.threads.ThreadPoolExecutor$Worker.run(ThreadPoolExecutor.java:491)
	at org.apache.tomcat.util.threads.TaskThread$WrappingRunnable.run(TaskThread.java:63)
	at java.base/java.lang.Thread.run(Thread.java:1623)
Caused by: java.lang.NumberFormatException: For input string: "Electronics"
	at java.base/java.lang.NumberFormatException.forInputString(NumberFormatException.java:67)
	at java.base/java.lang.Long.parseLong(Long.java:708)
	at java.base/java.lang.Long.valueOf(Long.java:1156)
	at org.springframework.util.NumberUtils.parseNumber(NumberUtils.java:204)
	at org.springframework.beans.propertyeditors.CustomNumberEditor.setAsText(CustomNumberEditor.java:115)
	at org.springframework.beans.TypeConverterDelegate.doConvertTextValue(TypeConverterDelegate.java:439)
	at org.springframework.beans.TypeConverterDelegate.doConvertValue(TypeConverterDelegate.java:412)
	at org.springframework.beans.TypeConverterDelegate.convertIfNecessary(TypeConverterDelegate.java:161)
	at org.springframework.beans.TypeConverterSupport.convertIfNecessary(TypeConverterSupport.java:80)
	at org.springframework.beans.TypeConverterSupport.convertIfNecessary(TypeConverterSupport.java:53)
	at org.springframework.validation.DataBinder.convertIfNecessary(DataBinder.java:868)
	at org.springframework.web.method.annotation.AbstractNamedValueMethodArgumentResolver.convertIfNecessary(AbstractNamedValueMethodArgumentResolver.java:293)
	... 51 common frames omitted
2026-06-22 12:25:32.436 [http-nio-8080-exec-5] INFO  c.a.l.filter.RequestLoggingFilter [reqId=adc9941c] [user=anonymous] - Completed request: GET /api/products/Electronics | Status: 500 | Duration: 5ms
2026-06-22 12:50:49.688 [HikariPool-1:housekeeper] WARN  com.zaxxer.hikari.pool.HikariPool [reqId=] [user=] - HikariPool-1 - Thread starvation or clock leap detected (housekeeper delta=15m36s541ms561µs300ns).
2026-06-22 13:25:10.954 [HikariPool-1:housekeeper] WARN  com.zaxxer.hikari.pool.HikariPool [reqId=] [user=] - HikariPool-1 - Thread starvation or clock leap detected (housekeeper delta=25m51s141ms303µs100ns).
2026-06-22 13:31:47.345 [HikariPool-1:housekeeper] WARN  com.zaxxer.hikari.pool.HikariPool [reqId=] [user=] - HikariPool-1 - Thread starvation or clock leap detected (housekeeper delta=1m6s299ms714µs400ns).
